#
# There is insufficient memory for the Java Runtime Environment to continue.
# Native memory allocation (malloc) failed to allocate 32744 bytes for ChunkPool::allocate
# Possible reasons:
#   The system is out of physical RAM or swap space
#   The process is running with CompressedOops enabled, and the Java Heap may be blocking the growth of the native heap
# Possible solutions:
#   Reduce memory load on the system
#   Increase physical memory or swap space
#   Check if swap backing store is full
#   Decrease Java heap size (-Xmx/-Xms)
#   Decrease number of Java threads
#   Decrease Java thread stack sizes (-Xss)
#   Set larger code cache with -XX:ReservedCodeCacheSize=
#   JVM is running with Unscaled Compressed Oops mode in which the Java heap is
#     placed in the first 4GB address space. The Java Heap base address is the
#     maximum limit for the native heap growth. Please use -XX:HeapBaseMinAddress
#     to set the Java Heap base and to place the Java Heap above 4GB virtual address.
# This output file may be truncated or incomplete.
#
#  Out of Memory Error (./open/src/hotspot/share/memory/arena.cpp:81), pid=12300, tid=5808
#
# JRE version: Java(TM) SE Runtime Environment 18.9 (11.0.7+8) (build 11.0.7+8-LTS)
# Java VM: Java HotSpot(TM) 64-Bit Server VM 18.9 (11.0.7+8-LTS, mixed mode, tiered, compressed oops, g1 gc, windows-amd64)
# No core dump will be written. Minidumps are not enabled by default on client versions of Windows
#

---------------  S U M M A R Y ------------

Command Line: -Dfile.encoding=Cp1252 simulatorSystem.Signup3

Host: Intel(R) Core(TM) i5-8300H CPU @ 2.30GHz, 8 cores, 7G,  Windows 10 , 64 bit Build 18362 (10.0.18362.1082)
Time: Thu Dec  3 12:20:05 2020 India Standard Time elapsed time: 1204 seconds (0d 0h 20m 4s)

---------------  T H R E A D  ---------------

Current thread (0x00000265ea406000):  JavaThread "C2 CompilerThread0" daemon [_thread_in_native, id=5808, stack(0x000000ffe5100000,0x000000ffe5200000)]


Current CompileTask:
C2:1204795 1300       4       sun.java2d.loops.GraphicsPrimitiveMgr::locate (104 bytes)

Stack: [0x000000ffe5100000,0x000000ffe5200000]
Native frames: (J=compiled Java code, j=interpreted, Vv=VM code, C=native code)
V  [jvm.dll+0x661a7a]
V  [jvm.dll+0x7a1b2f]
V  [jvm.dll+0x7a31d5]
V  [jvm.dll+0x7a3843]
V  [jvm.dll+0x25f1a8]
V  [jvm.dll+0xc266b]
V  [jvm.dll+0xc29cc]
V  [jvm.dll+0xc2520]
V  [jvm.dll+0x68f44f]
V  [jvm.dll+0x693a6e]
V  [jvm.dll+0x1a99ed]
V  [jvm.dll+0x2187f2]
V  [jvm.dll+0x21788a]
V  [jvm.dll+0x19407c]
V  [jvm.dll+0x226c74]
V  [jvm.dll+0x224e98]
V  [jvm.dll+0x765e25]
V  [jvm.dll+0x75e875]
V  [jvm.dll+0x660b26]
C  [ucrtbase.dll+0x20e82]
C  [KERNEL32.DLL+0x17bd4]
C  [ntdll.dll+0x6ce51]


---------------  P R O C E S S  ---------------

Threads class SMR info:
_java_thread_list=0x00000265ec635e10, length=15, elements={
0x00000265ea3de000, 0x00000265ea3e9800, 0x00000265ea3f8800, 0x00000265ea3fa800,
0x00000265ea406000, 0x00000265ead5c800, 0x00000265ea409800, 0x00000265eaee3000,
0x00000265eaed7000, 0x00000265eb237800, 0x00000265eb21a000, 0x00000265eb221800,
0x00000265eb20c000, 0x00000265cb794000, 0x00000265ecb03800
}

Java Threads: ( => current thread )
  0x00000265ea3de000 JavaThread "Reference Handler" daemon [_thread_blocked, id=3620, stack(0x000000ffe4d00000,0x000000ffe4e00000)]
  0x00000265ea3e9800 JavaThread "Finalizer" daemon [_thread_blocked, id=9012, stack(0x000000ffe4e00000,0x000000ffe4f00000)]
  0x00000265ea3f8800 JavaThread "Signal Dispatcher" daemon [_thread_blocked, id=3504, stack(0x000000ffe4f00000,0x000000ffe5000000)]
  0x00000265ea3fa800 JavaThread "Attach Listener" daemon [_thread_blocked, id=20328, stack(0x000000ffe5000000,0x000000ffe5100000)]
=>0x00000265ea406000 JavaThread "C2 CompilerThread0" daemon [_thread_in_native, id=5808, stack(0x000000ffe5100000,0x000000ffe5200000)]
  0x00000265ead5c800 JavaThread "C1 CompilerThread0" daemon [_thread_blocked, id=19536, stack(0x000000ffe5200000,0x000000ffe5300000)]
  0x00000265ea409800 JavaThread "Sweeper thread" daemon [_thread_blocked, id=11576, stack(0x000000ffe5300000,0x000000ffe5400000)]
  0x00000265eaee3000 JavaThread "Service Thread" daemon [_thread_blocked, id=1860, stack(0x000000ffe5400000,0x000000ffe5500000)]
  0x00000265eaed7000 JavaThread "Common-Cleaner" daemon [_thread_blocked, id=13644, stack(0x000000ffe5600000,0x000000ffe5700000)]
  0x00000265eb237800 JavaThread "Java2D Disposer" daemon [_thread_blocked, id=3872, stack(0x000000ffe5800000,0x000000ffe5900000)]
  0x00000265eb21a000 JavaThread "AWT-Shutdown" [_thread_blocked, id=20200, stack(0x000000ffe5900000,0x000000ffe5a00000)]
  0x00000265eb221800 JavaThread "AWT-Windows" daemon [_thread_in_native, id=6636, stack(0x000000ffe5a00000,0x000000ffe5b00000)]
  0x00000265eb20c000 JavaThread "AWT-EventQueue-0" [_thread_blocked, id=11064, stack(0x000000ffe5b00000,0x000000ffe5c00000)]
  0x00000265cb794000 JavaThread "DestroyJavaVM" [_thread_blocked, id=18248, stack(0x000000ffe4600000,0x000000ffe4700000)]
  0x00000265ecb03800 JavaThread "TimerQueue" daemon [_thread_blocked, id=15848, stack(0x000000ffe5f00000,0x000000ffe6000000)]

Other Threads:
  0x00000265ea3bb800 VMThread "VM Thread" [stack: 0x000000ffe4c00000,0x000000ffe4d00000] [id=12904] _threads_hazard_ptr=0x00000265ec635e10
  0x00000265eaed6000 WatcherThread [stack: 0x000000ffe5500000,0x000000ffe5600000] [id=9056]
  0x00000265cb7aa000 GCTaskThread "GC Thread#0" [stack: 0x000000ffe4700000,0x000000ffe4800000] [id=9888]
  0x00000265cb7da000 ConcurrentGCThread "G1 Main Marker" [stack: 0x000000ffe4800000,0x000000ffe4900000] [id=11488]
  0x00000265cb7dd800 ConcurrentGCThread "G1 Conc#0" [stack: 0x000000ffe4900000,0x000000ffe4a00000] [id=7956]
  0x00000265cb86d800 ConcurrentGCThread "G1 Refine#0" [stack: 0x000000ffe4a00000,0x000000ffe4b00000] [id=16128]
  0x00000265cb86e800 ConcurrentGCThread "G1 Young RemSet Sampling" [stack: 0x000000ffe4b00000,0x000000ffe4c00000] [id=20408]

Threads with active compile tasks:
C2 CompilerThread01300       4       sun.java2d.loops.GraphicsPrimitiveMgr::locate (104 bytes)

VM state:at safepoint (normal execution)

VM Mutex/Monitor currently owned by a thread:  ([mutex/lock_event])
[0x00000265cb78fb30] Threads_lock - owner thread: 0x00000265ea3bb800

Heap address: 0x0000000082400000, size: 2012 MB, Compressed Oops mode: 32-bit
Narrow klass base: 0x0000000000000000, Narrow klass shift: 3
Compressed class space size: 1073741824 Address: 0x0000000100000000

Heap:
 garbage-first heap   total 129024K, used 23552K [0x0000000082400000, 0x0000000100000000)
  region size 1024K, 19 young (19456K), 0 survivors (0K)
 Metaspace       used 15403K, capacity 15768K, committed 16000K, reserved 1062912K
  class space    used 1629K, capacity 1832K, committed 1920K, reserved 1048576K
Heap Regions: E=young(eden), S=young(survivor), O=old, HS=humongous(starts), HC=humongous(continues), CS=collection set, F=free, A=archive, TAMS=top-at-mark-start (previous, next)
|   0|0x0000000082400000, 0x0000000082500000, 0x0000000082500000|100%|HS|  |TAMS 0x0000000082400000, 0x0000000082400000| Complete 
|   1|0x0000000082500000, 0x0000000082600000, 0x0000000082600000|100%|HC|  |TAMS 0x0000000082500000, 0x0000000082500000| Complete 
|   2|0x0000000082600000, 0x0000000082700000, 0x0000000082700000|100%|HC|  |TAMS 0x0000000082600000, 0x0000000082600000| Complete 
|   3|0x0000000082700000, 0x0000000082800000, 0x0000000082800000|100%|HC|  |TAMS 0x0000000082700000, 0x0000000082700000| Complete 
|   4|0x0000000082800000, 0x0000000082900000, 0x0000000082900000|100%|HC|  |TAMS 0x0000000082800000, 0x0000000082800000| Complete 
|   5|0x0000000082900000, 0x0000000082900000, 0x0000000082a00000|  0%| F|  |TAMS 0x0000000082900000, 0x0000000082900000| Untracked 
|   6|0x0000000082a00000, 0x0000000082a00000, 0x0000000082b00000|  0%| F|  |TAMS 0x0000000082a00000, 0x0000000082a00000| Untracked 
|   7|0x0000000082b00000, 0x0000000082b00000, 0x0000000082c00000|  0%| F|  |TAMS 0x0000000082b00000, 0x0000000082b00000| Untracked 
|   8|0x0000000082c00000, 0x0000000082c00000, 0x0000000082d00000|  0%| F|  |TAMS 0x0000000082c00000, 0x0000000082c00000| Untracked 
|   9|0x0000000082d00000, 0x0000000082d00000, 0x0000000082e00000|  0%| F|  |TAMS 0x0000000082d00000, 0x0000000082d00000| Untracked 
|  10|0x0000000082e00000, 0x0000000082e00000, 0x0000000082f00000|  0%| F|  |TAMS 0x0000000082e00000, 0x0000000082e00000| Untracked 
|  11|0x0000000082f00000, 0x0000000082f00000, 0x0000000083000000|  0%| F|  |TAMS 0x0000000082f00000, 0x0000000082f00000| Untracked 
|  12|0x0000000083000000, 0x0000000083000000, 0x0000000083100000|  0%| F|  |TAMS 0x0000000083000000, 0x0000000083000000| Untracked 
|  13|0x0000000083100000, 0x0000000083100000, 0x0000000083200000|  0%| F|  |TAMS 0x0000000083100000, 0x0000000083100000| Untracked 
|  14|0x0000000083200000, 0x0000000083200000, 0x0000000083300000|  0%| F|  |TAMS 0x0000000083200000, 0x0000000083200000| Untracked 
|  15|0x0000000083300000, 0x0000000083300000, 0x0000000083400000|  0%| F|  |TAMS 0x0000000083300000, 0x0000000083300000| Untracked 
|  16|0x0000000083400000, 0x0000000083400000, 0x0000000083500000|  0%| F|  |TAMS 0x0000000083400000, 0x0000000083400000| Untracked 
|  17|0x0000000083500000, 0x0000000083500000, 0x0000000083600000|  0%| F|  |TAMS 0x0000000083500000, 0x0000000083500000| Untracked 
|  18|0x0000000083600000, 0x0000000083600000, 0x0000000083700000|  0%| F|  |TAMS 0x0000000083600000, 0x0000000083600000| Untracked 
|  19|0x0000000083700000, 0x0000000083700000, 0x0000000083800000|  0%| F|  |TAMS 0x0000000083700000, 0x0000000083700000| Untracked 
|  20|0x0000000083800000, 0x0000000083800000, 0x0000000083900000|  0%| F|  |TAMS 0x0000000083800000, 0x0000000083800000| Untracked 
|  21|0x0000000083900000, 0x0000000083900000, 0x0000000083a00000|  0%| F|  |TAMS 0x0000000083900000, 0x0000000083900000| Untracked 
|  22|0x0000000083a00000, 0x0000000083a00000, 0x0000000083b00000|  0%| F|  |TAMS 0x0000000083a00000, 0x0000000083a00000| Untracked 
|  23|0x0000000083b00000, 0x0000000083b00000, 0x0000000083c00000|  0%| F|  |TAMS 0x0000000083b00000, 0x0000000083b00000| Untracked 
|  24|0x0000000083c00000, 0x0000000083c00000, 0x0000000083d00000|  0%| F|  |TAMS 0x0000000083c00000, 0x0000000083c00000| Untracked 
|  25|0x0000000083d00000, 0x0000000083d00000, 0x0000000083e00000|  0%| F|  |TAMS 0x0000000083d00000, 0x0000000083d00000| Untracked 
|  26|0x0000000083e00000, 0x0000000083e00000, 0x0000000083f00000|  0%| F|  |TAMS 0x0000000083e00000, 0x0000000083e00000| Untracked 
|  27|0x0000000083f00000, 0x0000000083f00000, 0x0000000084000000|  0%| F|  |TAMS 0x0000000083f00000, 0x0000000083f00000| Untracked 
|  28|0x0000000084000000, 0x0000000084000000, 0x0000000084100000|  0%| F|  |TAMS 0x0000000084000000, 0x0000000084000000| Untracked 
|  29|0x0000000084100000, 0x0000000084100000, 0x0000000084200000|  0%| F|  |TAMS 0x0000000084100000, 0x0000000084100000| Untracked 
|  30|0x0000000084200000, 0x0000000084200000, 0x0000000084300000|  0%| F|  |TAMS 0x0000000084200000, 0x0000000084200000| Untracked 
|  31|0x0000000084300000, 0x0000000084300000, 0x0000000084400000|  0%| F|  |TAMS 0x0000000084300000, 0x0000000084300000| Untracked 
|  32|0x0000000084400000, 0x0000000084400000, 0x0000000084500000|  0%| F|  |TAMS 0x0000000084400000, 0x0000000084400000| Untracked 
|  33|0x0000000084500000, 0x0000000084500000, 0x0000000084600000|  0%| F|  |TAMS 0x0000000084500000, 0x0000000084500000| Untracked 
|  34|0x0000000084600000, 0x0000000084600000, 0x0000000084700000|  0%| F|  |TAMS 0x0000000084600000, 0x0000000084600000| Untracked 
|  35|0x0000000084700000, 0x0000000084700000, 0x0000000084800000|  0%| F|  |TAMS 0x0000000084700000, 0x0000000084700000| Untracked 
|  36|0x0000000084800000, 0x0000000084800000, 0x0000000084900000|  0%| F|  |TAMS 0x0000000084800000, 0x0000000084800000| Untracked 
|  37|0x0000000084900000, 0x0000000084900000, 0x0000000084a00000|  0%| F|  |TAMS 0x0000000084900000, 0x0000000084900000| Untracked 
|  38|0x0000000084a00000, 0x0000000084a00000, 0x0000000084b00000|  0%| F|  |TAMS 0x0000000084a00000, 0x0000000084a00000| Untracked 
|  39|0x0000000084b00000, 0x0000000084b00000, 0x0000000084c00000|  0%| F|  |TAMS 0x0000000084b00000, 0x0000000084b00000| Untracked 
|  40|0x0000000084c00000, 0x0000000084c00000, 0x0000000084d00000|  0%| F|  |TAMS 0x0000000084c00000, 0x0000000084c00000| Untracked 
|  41|0x0000000084d00000, 0x0000000084d00000, 0x0000000084e00000|  0%| F|  |TAMS 0x0000000084d00000, 0x0000000084d00000| Untracked 
|  42|0x0000000084e00000, 0x0000000084e00000, 0x0000000084f00000|  0%| F|  |TAMS 0x0000000084e00000, 0x0000000084e00000| Untracked 
|  43|0x0000000084f00000, 0x0000000084f00000, 0x0000000085000000|  0%| F|  |TAMS 0x0000000084f00000, 0x0000000084f00000| Untracked 
|  44|0x0000000085000000, 0x0000000085000000, 0x0000000085100000|  0%| F|  |TAMS 0x0000000085000000, 0x0000000085000000| Untracked 
|  45|0x0000000085100000, 0x0000000085100000, 0x0000000085200000|  0%| F|  |TAMS 0x0000000085100000, 0x0000000085100000| Untracked 
|  46|0x0000000085200000, 0x0000000085200000, 0x0000000085300000|  0%| F|  |TAMS 0x0000000085200000, 0x0000000085200000| Untracked 
|  47|0x0000000085300000, 0x0000000085300000, 0x0000000085400000|  0%| F|  |TAMS 0x0000000085300000, 0x0000000085300000| Untracked 
|  48|0x0000000085400000, 0x0000000085400000, 0x0000000085500000|  0%| F|  |TAMS 0x0000000085400000, 0x0000000085400000| Untracked 
|  49|0x0000000085500000, 0x0000000085500000, 0x0000000085600000|  0%| F|  |TAMS 0x0000000085500000, 0x0000000085500000| Untracked 
|  50|0x0000000085600000, 0x0000000085600000, 0x0000000085700000|  0%| F|  |TAMS 0x0000000085600000, 0x0000000085600000| Untracked 
|  51|0x0000000085700000, 0x0000000085700000, 0x0000000085800000|  0%| F|  |TAMS 0x0000000085700000, 0x0000000085700000| Untracked 
|  52|0x0000000085800000, 0x0000000085800000, 0x0000000085900000|  0%| F|  |TAMS 0x0000000085800000, 0x0000000085800000| Untracked 
|  53|0x0000000085900000, 0x0000000085900000, 0x0000000085a00000|  0%| F|  |TAMS 0x0000000085900000, 0x0000000085900000| Untracked 
|  54|0x0000000085a00000, 0x0000000085a00000, 0x0000000085b00000|  0%| F|  |TAMS 0x0000000085a00000, 0x0000000085a00000| Untracked 
|  55|0x0000000085b00000, 0x0000000085b00000, 0x0000000085c00000|  0%| F|  |TAMS 0x0000000085b00000, 0x0000000085b00000| Untracked 
|  56|0x0000000085c00000, 0x0000000085c00000, 0x0000000085d00000|  0%| F|  |TAMS 0x0000000085c00000, 0x0000000085c00000| Untracked 
|  57|0x0000000085d00000, 0x0000000085d00000, 0x0000000085e00000|  0%| F|  |TAMS 0x0000000085d00000, 0x0000000085d00000| Untracked 
|  58|0x0000000085e00000, 0x0000000085e00000, 0x0000000085f00000|  0%| F|  |TAMS 0x0000000085e00000, 0x0000000085e00000| Untracked 
|  59|0x0000000085f00000, 0x0000000085f00000, 0x0000000086000000|  0%| F|  |TAMS 0x0000000085f00000, 0x0000000085f00000| Untracked 
|  60|0x0000000086000000, 0x0000000086000000, 0x0000000086100000|  0%| F|  |TAMS 0x0000000086000000, 0x0000000086000000| Untracked 
|  61|0x0000000086100000, 0x0000000086100000, 0x0000000086200000|  0%| F|  |TAMS 0x0000000086100000, 0x0000000086100000| Untracked 
|  62|0x0000000086200000, 0x0000000086200000, 0x0000000086300000|  0%| F|  |TAMS 0x0000000086200000, 0x0000000086200000| Untracked 
|  63|0x0000000086300000, 0x0000000086300000, 0x0000000086400000|  0%| F|  |TAMS 0x0000000086300000, 0x0000000086300000| Untracked 
|  64|0x0000000086400000, 0x0000000086400000, 0x0000000086500000|  0%| F|  |TAMS 0x0000000086400000, 0x0000000086400000| Untracked 
|  65|0x0000000086500000, 0x0000000086500000, 0x0000000086600000|  0%| F|  |TAMS 0x0000000086500000, 0x0000000086500000| Untracked 
|  66|0x0000000086600000, 0x0000000086600000, 0x0000000086700000|  0%| F|  |TAMS 0x0000000086600000, 0x0000000086600000| Untracked 
|  67|0x0000000086700000, 0x0000000086700000, 0x0000000086800000|  0%| F|  |TAMS 0x0000000086700000, 0x0000000086700000| Untracked 
|  68|0x0000000086800000, 0x0000000086800000, 0x0000000086900000|  0%| F|  |TAMS 0x0000000086800000, 0x0000000086800000| Untracked 
|  69|0x0000000086900000, 0x0000000086900000, 0x0000000086a00000|  0%| F|  |TAMS 0x0000000086900000, 0x0000000086900000| Untracked 
|  70|0x0000000086a00000, 0x0000000086a00000, 0x0000000086b00000|  0%| F|  |TAMS 0x0000000086a00000, 0x0000000086a00000| Untracked 
|  71|0x0000000086b00000, 0x0000000086b00000, 0x0000000086c00000|  0%| F|  |TAMS 0x0000000086b00000, 0x0000000086b00000| Untracked 
|  72|0x0000000086c00000, 0x0000000086c00000, 0x0000000086d00000|  0%| F|  |TAMS 0x0000000086c00000, 0x0000000086c00000| Untracked 
|  73|0x0000000086d00000, 0x0000000086d00000, 0x0000000086e00000|  0%| F|  |TAMS 0x0000000086d00000, 0x0000000086d00000| Untracked 
|  74|0x0000000086e00000, 0x0000000086e00000, 0x0000000086f00000|  0%| F|  |TAMS 0x0000000086e00000, 0x0000000086e00000| Untracked 
|  75|0x0000000086f00000, 0x0000000086f00000, 0x0000000087000000|  0%| F|  |TAMS 0x0000000086f00000, 0x0000000086f00000| Untracked 
|  76|0x0000000087000000, 0x0000000087000000, 0x0000000087100000|  0%| F|  |TAMS 0x0000000087000000, 0x0000000087000000| Untracked 
|  77|0x0000000087100000, 0x0000000087100000, 0x0000000087200000|  0%| F|  |TAMS 0x0000000087100000, 0x0000000087100000| Untracked 
|  78|0x0000000087200000, 0x0000000087200000, 0x0000000087300000|  0%| F|  |TAMS 0x0000000087200000, 0x0000000087200000| Untracked 
|  79|0x0000000087300000, 0x0000000087300000, 0x0000000087400000|  0%| F|  |TAMS 0x0000000087300000, 0x0000000087300000| Untracked 
|  80|0x0000000087400000, 0x0000000087400000, 0x0000000087500000|  0%| F|  |TAMS 0x0000000087400000, 0x0000000087400000| Untracked 
|  81|0x0000000087500000, 0x0000000087500000, 0x0000000087600000|  0%| F|  |TAMS 0x0000000087500000, 0x0000000087500000| Untracked 
|  82|0x0000000087600000, 0x0000000087600000, 0x0000000087700000|  0%| F|  |TAMS 0x0000000087600000, 0x0000000087600000| Untracked 
|  83|0x0000000087700000, 0x0000000087700000, 0x0000000087800000|  0%| F|  |TAMS 0x0000000087700000, 0x0000000087700000| Untracked 
|  84|0x0000000087800000, 0x0000000087800000, 0x0000000087900000|  0%| F|  |TAMS 0x0000000087800000, 0x0000000087800000| Untracked 
|  85|0x0000000087900000, 0x0000000087900000, 0x0000000087a00000|  0%| F|  |TAMS 0x0000000087900000, 0x0000000087900000| Untracked 
|  86|0x0000000087a00000, 0x0000000087a00000, 0x0000000087b00000|  0%| F|  |TAMS 0x0000000087a00000, 0x0000000087a00000| Untracked 
|  87|0x0000000087b00000, 0x0000000087b00000, 0x0000000087c00000|  0%| F|  |TAMS 0x0000000087b00000, 0x0000000087b00000| Untracked 
|  88|0x0000000087c00000, 0x0000000087c00000, 0x0000000087d00000|  0%| F|  |TAMS 0x0000000087c00000, 0x0000000087c00000| Untracked 
|  89|0x0000000087d00000, 0x0000000087d00000, 0x0000000087e00000|  0%| F|  |TAMS 0x0000000087d00000, 0x0000000087d00000| Untracked 
|  90|0x0000000087e00000, 0x0000000087e00000, 0x0000000087f00000|  0%| F|  |TAMS 0x0000000087e00000, 0x0000000087e00000| Untracked 
|  91|0x0000000087f00000, 0x0000000087f00000, 0x0000000088000000|  0%| F|  |TAMS 0x0000000087f00000, 0x0000000087f00000| Untracked 
|  92|0x0000000088000000, 0x0000000088000000, 0x0000000088100000|  0%| F|  |TAMS 0x0000000088000000, 0x0000000088000000| Untracked 
|  93|0x0000000088100000, 0x0000000088100000, 0x0000000088200000|  0%| F|  |TAMS 0x0000000088100000, 0x0000000088100000| Untracked 
|  94|0x0000000088200000, 0x0000000088200000, 0x0000000088300000|  0%| F|  |TAMS 0x0000000088200000, 0x0000000088200000| Untracked 
|  95|0x0000000088300000, 0x0000000088300000, 0x0000000088400000|  0%| F|  |TAMS 0x0000000088300000, 0x0000000088300000| Untracked 
|  96|0x0000000088400000, 0x0000000088400000, 0x0000000088500000|  0%| F|  |TAMS 0x0000000088400000, 0x0000000088400000| Untracked 
|  97|0x0000000088500000, 0x0000000088500000, 0x0000000088600000|  0%| F|  |TAMS 0x0000000088500000, 0x0000000088500000| Untracked 
|  98|0x0000000088600000, 0x0000000088600000, 0x0000000088700000|  0%| F|  |TAMS 0x0000000088600000, 0x0000000088600000| Untracked 
|  99|0x0000000088700000, 0x0000000088700000, 0x0000000088800000|  0%| F|  |TAMS 0x0000000088700000, 0x0000000088700000| Untracked 
| 100|0x0000000088800000, 0x0000000088800000, 0x0000000088900000|  0%| F|  |TAMS 0x0000000088800000, 0x0000000088800000| Untracked 
| 101|0x0000000088900000, 0x0000000088900000, 0x0000000088a00000|  0%| F|  |TAMS 0x0000000088900000, 0x0000000088900000| Untracked 
| 102|0x0000000088a00000, 0x0000000088a00000, 0x0000000088b00000|  0%| F|  |TAMS 0x0000000088a00000, 0x0000000088a00000| Untracked 
| 103|0x0000000088b00000, 0x0000000088b00000, 0x0000000088c00000|  0%| F|  |TAMS 0x0000000088b00000, 0x0000000088b00000| Untracked 
| 104|0x0000000088c00000, 0x0000000088c00000, 0x0000000088d00000|  0%| F|  |TAMS 0x0000000088c00000, 0x0000000088c00000| Untracked 
| 105|0x0000000088d00000, 0x0000000088d00000, 0x0000000088e00000|  0%| F|  |TAMS 0x0000000088d00000, 0x0000000088d00000| Untracked 
| 106|0x0000000088e00000, 0x0000000088e00000, 0x0000000088f00000|  0%| F|  |TAMS 0x0000000088e00000, 0x0000000088e00000| Untracked 
| 107|0x0000000088f00000, 0x0000000089000000, 0x0000000089000000|100%| E|  |TAMS 0x0000000088f00000, 0x0000000088f00000| Complete 
| 108|0x0000000089000000, 0x0000000089100000, 0x0000000089100000|100%| E|CS|TAMS 0x0000000089000000, 0x0000000089000000| Complete 
| 109|0x0000000089100000, 0x0000000089200000, 0x0000000089200000|100%| E|CS|TAMS 0x0000000089100000, 0x0000000089100000| Complete 
| 110|0x0000000089200000, 0x0000000089300000, 0x0000000089300000|100%| E|CS|TAMS 0x0000000089200000, 0x0000000089200000| Complete 
| 111|0x0000000089300000, 0x0000000089400000, 0x0000000089400000|100%| E|CS|TAMS 0x0000000089300000, 0x0000000089300000| Complete 
| 112|0x0000000089400000, 0x0000000089500000, 0x0000000089500000|100%| E|CS|TAMS 0x0000000089400000, 0x0000000089400000| Complete 
| 113|0x0000000089500000, 0x0000000089600000, 0x0000000089600000|100%| E|CS|TAMS 0x0000000089500000, 0x0000000089500000| Complete 
| 114|0x0000000089600000, 0x0000000089700000, 0x0000000089700000|100%| E|CS|TAMS 0x0000000089600000, 0x0000000089600000| Complete 
| 115|0x0000000089700000, 0x0000000089800000, 0x0000000089800000|100%| E|CS|TAMS 0x0000000089700000, 0x0000000089700000| Complete 
| 116|0x0000000089800000, 0x0000000089900000, 0x0000000089900000|100%| E|CS|TAMS 0x0000000089800000, 0x0000000089800000| Complete 
| 117|0x0000000089900000, 0x0000000089a00000, 0x0000000089a00000|100%| E|CS|TAMS 0x0000000089900000, 0x0000000089900000| Complete 
| 118|0x0000000089a00000, 0x0000000089b00000, 0x0000000089b00000|100%| E|CS|TAMS 0x0000000089a00000, 0x0000000089a00000| Complete 
| 119|0x0000000089b00000, 0x0000000089c00000, 0x0000000089c00000|100%| E|CS|TAMS 0x0000000089b00000, 0x0000000089b00000| Complete 
| 120|0x0000000089c00000, 0x0000000089d00000, 0x0000000089d00000|100%| E|CS|TAMS 0x0000000089c00000, 0x0000000089c00000| Complete 
| 121|0x0000000089d00000, 0x0000000089e00000, 0x0000000089e00000|100%| E|CS|TAMS 0x0000000089d00000, 0x0000000089d00000| Complete 
| 122|0x0000000089e00000, 0x0000000089f00000, 0x0000000089f00000|100%| E|CS|TAMS 0x0000000089e00000, 0x0000000089e00000| Complete 
| 123|0x0000000089f00000, 0x000000008a000000, 0x000000008a000000|100%| E|CS|TAMS 0x0000000089f00000, 0x0000000089f00000| Complete 
| 124|0x000000008a000000, 0x000000008a100000, 0x000000008a100000|100%| E|CS|TAMS 0x000000008a000000, 0x000000008a000000| Complete 
| 125|0x000000008a100000, 0x000000008a200000, 0x000000008a200000|100%| E|CS|TAMS 0x000000008a100000, 0x000000008a100000| Complete 

Card table byte_map: [0x00000265e32d0000,0x00000265e36c0000] _byte_map_base: 0x00000265e2ebe000

Marking Bits (Prev, Next): (CMBitMap*) 0x00000265cb7d1878, (CMBitMap*) 0x00000265cb7d18b0
 Prev Bits: [0x00000265e3ab0000, 0x00000265e5a20000)
 Next Bits: [0x00000265e5a20000, 0x00000265e7990000)

Polling page: 0x00000265c9600000

Metaspace:

Usage:
  Non-class:     13.61 MB capacity,    13.45 MB ( 99%) used,   119.25 KB ( <1%) free+waste,    42.81 KB ( <1%) overhead. 
      Class:      1.79 MB capacity,     1.59 MB ( 89%) used,   179.49 KB ( 10%) free+waste,    22.69 KB (  1%) overhead. 
       Both:     15.40 MB capacity,    15.04 MB ( 98%) used,   298.74 KB (  2%) free+waste,    65.50 KB ( <1%) overhead. 

Virtual space:
  Non-class space:       14.00 MB reserved,      13.75 MB ( 98%) committed 
      Class space:        1.00 GB reserved,       1.88 MB ( <1%) committed 
             Both:        1.01 GB reserved,      15.63 MB (  2%) committed 

Chunk freelists:
   Non-Class:  2.00 KB
       Class:  3.00 KB
        Both:  5.00 KB

CodeHeap 'non-profiled nmethods': size=120000Kb used=450Kb max_used=450Kb free=119550Kb
 bounds [0x00000265db670000, 0x00000265db8e0000, 0x00000265e2ba0000]
CodeHeap 'profiled nmethods': size=120000Kb used=2238Kb max_used=2238Kb free=117761Kb
 bounds [0x00000265d4140000, 0x00000265d43b0000, 0x00000265db670000]
CodeHeap 'non-nmethods': size=5760Kb used=1223Kb max_used=1251Kb free=4536Kb
 bounds [0x00000265d3ba0000, 0x00000265d3e10000, 0x00000265d4140000]
 total_blobs=2193 nmethods=1303 adapters=513
 compilation: enabled
              stopped_count=0, restarted_count=0
 full_count=0

Compilation events (10 events):
Event: 4.145 Thread 0x00000265ead5c800 nmethod 1294 0x00000265d436d990 code [0x00000265d436db40, 0x00000265d436ddd8]
Event: 4.145 Thread 0x00000265ead5c800 1295       1       java.awt.EventDispatchThread$1::evaluate (2 bytes)
Event: 4.145 Thread 0x00000265ead5c800 nmethod 1295 0x00000265db6dfa10 code [0x00000265db6dfba0, 0x00000265db6dfcb8]
Event: 4.145 Thread 0x00000265ead5c800 1296  s    1       java.awt.EventDispatchThread::getEventQueue (5 bytes)
Event: 4.145 Thread 0x00000265ead5c800 nmethod 1296 0x00000265db6dfd10 code [0x00000265db6dfea0, 0x00000265db6e0118]
Event: 1204.762 Thread 0x00000265ead5c800 1298       3       java.lang.invoke.Invokers::checkCustomized (23 bytes)
Event: 1204.762 Thread 0x00000265ead5c800 nmethod 1298 0x00000265d436df10 code [0x00000265d436e0c0, 0x00000265d436e2f0]
Event: 1204.765 Thread 0x00000265ead5c800 1299       3       java.lang.invoke.Invokers::maybeCustomize (28 bytes)
Event: 1204.766 Thread 0x00000265ead5c800 nmethod 1299 0x00000265d436e410 code [0x00000265d436e5c0, 0x00000265d436e810]
Event: 1204.782 Thread 0x00000265ea406000 1300       4       sun.java2d.loops.GraphicsPrimitiveMgr::locate (104 bytes)

GC Heap History (0 events):
No events

Deoptimization events (10 events):
Event: 0.414 Thread 0x00000265eb20c000 Uncommon trap: reason=unstable_if action=reinterpret pc=0x00000265db6b26d4 method=java.lang.StringLatin1.toLowerCase(Ljava/lang/String;[BLjava/util/Locale;)Ljava/lang/String; @ 40 c2
Event: 0.511 Thread 0x00000265eb20c000 Uncommon trap: reason=class_check action=maybe_recompile pc=0x00000265db6b48a4 method=java.util.HashMap.putVal(ILjava/lang/Object;Ljava/lang/Object;ZZ)Ljava/lang/Object; @ 203 c2
Event: 0.511 Thread 0x00000265eb20c000 Uncommon trap: reason=class_check action=maybe_recompile pc=0x00000265db6b48a4 method=java.util.HashMap.putVal(ILjava/lang/Object;Ljava/lang/Object;ZZ)Ljava/lang/Object; @ 203 c2
Event: 0.511 Thread 0x00000265eb20c000 Uncommon trap: reason=class_check action=maybe_recompile pc=0x00000265db6b48a4 method=java.util.HashMap.putVal(ILjava/lang/Object;Ljava/lang/Object;ZZ)Ljava/lang/Object; @ 203 c2
Event: 0.511 Thread 0x00000265eb20c000 Uncommon trap: reason=class_check action=maybe_recompile pc=0x00000265db6b48a4 method=java.util.HashMap.putVal(ILjava/lang/Object;Ljava/lang/Object;ZZ)Ljava/lang/Object; @ 203 c2
Event: 0.512 Thread 0x00000265eb20c000 Uncommon trap: reason=unstable_if action=reinterpret pc=0x00000265db685230 method=java.lang.String.hashCode()I @ 22 c2
Event: 0.513 Thread 0x00000265eb20c000 Uncommon trap: reason=unstable_if action=reinterpret pc=0x00000265db685acc method=java.lang.String.equals(Ljava/lang/Object;)Z @ 34 c2
Event: 0.514 Thread 0x00000265eb20c000 Uncommon trap: reason=unstable_if action=reinterpret pc=0x00000265db6b312c method=java.lang.CharacterData.of(I)Ljava/lang/CharacterData; @ 4 c2
Event: 0.551 Thread 0x00000265eb20c000 Uncommon trap: reason=unstable_if action=reinterpret pc=0x00000265db6c7d54 method=java.lang.ref.SoftReference.get()Ljava/lang/Object; @ 6 c2
Event: 0.596 Thread 0x00000265eb20c000 Uncommon trap: reason=unstable_if action=reinterpret pc=0x00000265db6bf17c method=java.lang.ThreadLocal$ThreadLocalMap.getEntry(Ljava/lang/ThreadLocal;)Ljava/lang/ThreadLocal$ThreadLocalMap$Entry; @ 21 c2

Classes redefined (0 events):
No events

Internal exceptions (10 events):
Event: 0.250 Thread 0x00000265cb794000 Exception <a 'java/lang/ClassNotFoundException'{0x0000000089b22bc8}: com/sun/swing/internal/plaf/metal/resources/spi/metalProvider> (0x0000000089b22bc8) thrown at [./open/src/hotspot/share/classfile/systemDictionary.cpp, line 228]
Event: 0.251 Thread 0x00000265cb794000 Exception <a 'java/lang/ClassNotFoundException'{0x0000000089b26e18}: com/sun/swing/internal/plaf/basic/resources/spi/basicProvider> (0x0000000089b26e18) thrown at [./open/src/hotspot/share/classfile/systemDictionary.cpp, line 228]
Event: 0.309 Thread 0x00000265cb794000 Exception <a 'java/lang/NoSuchMethodError'{0x0000000089a1f000}: java.lang.invoke.DirectMethodHandle$Holder.invokeStaticInit(Ljava/lang/Object;)V> (0x0000000089a1f000) thrown at [./open/src/hotspot/share/interpreter/linkResolver.cpp, line 772]
Event: 0.332 Thread 0x00000265cb794000 Exception <a 'java/lang/NoSuchMethodError'{0x0000000089925770}: java.lang.invoke.DirectMethodHandle$Holder.invokeStatic(Ljava/lang/Object;Ljava/lang/Object;Ljava/lang/Object;Ljava/lang/Object;Ljava/lang/Object;Ljava/lang/Object;Ljava/lang/Object;Ljava/lan
Event: 0.333 Thread 0x00000265cb794000 Exception <a 'java/lang/NoSuchMethodError'{0x0000000089943970}: java.lang.invoke.DirectMethodHandle$Holder.invokeStatic(Ljava/lang/Object;Ljava/lang/Object;Ljava/lang/Object;Ljava/lang/Object;Ljava/lang/Object;Ljava/lang/Object;Ljava/lang/Object;Ljava/lan
Event: 0.334 Thread 0x00000265cb794000 Exception <a 'java/lang/NoSuchMethodError'{0x0000000089962900}: java.lang.invoke.DirectMethodHandle$Holder.invokeStatic(Ljava/lang/Object;Ljava/lang/Object;Ljava/lang/Object;Ljava/lang/Object;Ljava/lang/Object;Ljava/lang/Object;Ljava/lang/Object;Ljava/lan
Event: 0.335 Thread 0x00000265cb794000 Exception <a 'java/lang/NoSuchMethodError'{0x000000008996e8b0}: java.lang.invoke.Invokers$Holder.linkToTargetMethod(Ljava/lang/Object;ILjava/lang/Object;)Ljava/lang/Object;> (0x000000008996e8b0) thrown at [./open/src/hotspot/share/interpreter/linkResolver
Event: 0.390 Thread 0x00000265eb20c000 Exception <a 'java/lang/NoSuchMethodError'{0x0000000089842088}: java.lang.invoke.DirectMethodHandle$Holder.invokeStatic(Ljava/lang/Object;Ljava/lang/Object;Ljava/lang/Object;Ljava/lang/Object;Ljava/lang/Object;Ljava/lang/Object;Ljava/lang/Object;Ljava/lan
Event: 0.596 Thread 0x00000265eb20c000 Implicit null exception at 0x00000265db6bf07b to 0x00000265db6bf15e
Event: 1204.756 Thread 0x00000265eb20c000 Exception <a 'java/lang/NoSuchMethodError'{0x0000000088fce270}: java.lang.invoke.DirectMethodHandle$Holder.invokeVirtual(Ljava/lang/Object;Ljava/lang/Object;)V> (0x0000000088fce270) thrown at [./open/src/hotspot/share/interpreter/linkResolver.cpp, line 77

Events (10 events):
Event: 1204.756 Executing VM operation: RevokeBias
Event: 1204.756 Executing VM operation: RevokeBias done
Event: 1204.762 Executing VM operation: RevokeBias
Event: 1204.762 Executing VM operation: RevokeBias done
Event: 1204.765 loading class javax/swing/RepaintManager$DisplayChangedRunnable
Event: 1204.765 loading class javax/swing/RepaintManager$DisplayChangedRunnable done
Event: 1204.782 Executing VM operation: RevokeBias
Event: 1204.782 Executing VM operation: RevokeBias done
Event: 1204.791 Executing VM operation: RevokeBias
Event: 1204.791 Executing VM operation: RevokeBias done


Dynamic libraries:
0x00007ff6c7ff0000 - 0x00007ff6c8037000 	C:\Program Files\Java\jdk-11.0.7\bin\javaw.exe
0x00007ffa3baa0000 - 0x00007ffa3bc90000 	C:\WINDOWS\SYSTEM32\ntdll.dll
0x00007ffa3a120000 - 0x00007ffa3a1d2000 	C:\WINDOWS\System32\KERNEL32.DLL
0x00007ffa39580000 - 0x00007ffa39825000 	C:\WINDOWS\System32\KERNELBASE.dll
0x00007ffa3b540000 - 0x00007ffa3b5e3000 	C:\WINDOWS\System32\ADVAPI32.dll
0x00007ffa3a930000 - 0x00007ffa3a9ce000 	C:\WINDOWS\System32\msvcrt.dll
0x00007ffa3abe0000 - 0x00007ffa3ac77000 	C:\WINDOWS\System32\sechost.dll
0x00007ffa3ae30000 - 0x00007ffa3af50000 	C:\WINDOWS\System32\RPCRT4.dll
0x00007ffa39f80000 - 0x00007ffa3a115000 	C:\WINDOWS\System32\USER32.dll
0x00007ffa38b30000 - 0x00007ffa38b51000 	C:\WINDOWS\System32\win32u.dll
0x00007ffa3afc0000 - 0x00007ffa3afe6000 	C:\WINDOWS\System32\GDI32.dll
0x00007ffa39340000 - 0x00007ffa394d6000 	C:\WINDOWS\System32\gdi32full.dll
0x00007ffa394e0000 - 0x00007ffa3957e000 	C:\WINDOWS\System32\msvcp_win.dll
0x00007ffa39a30000 - 0x00007ffa39b2a000 	C:\WINDOWS\System32\ucrtbase.dll
0x00007ffa1ef70000 - 0x00007ffa1f1f4000 	C:\WINDOWS\WinSxS\amd64_microsoft.windows.common-controls_6595b64144ccf1df_6.0.18362.1082_none_9e8193e1e45b25c1\COMCTL32.dll
0x00007ffa32a30000 - 0x00007ffa32a3a000 	C:\WINDOWS\SYSTEM32\VERSION.dll
0x00007ffa3b170000 - 0x00007ffa3b4a5000 	C:\WINDOWS\System32\combase.dll
0x00007ffa39830000 - 0x00007ffa398b0000 	C:\WINDOWS\System32\bcryptPrimitives.dll
0x00007ffa3ab30000 - 0x00007ffa3ab5e000 	C:\WINDOWS\System32\IMM32.DLL
0x00007ffa307c0000 - 0x00007ffa307d6000 	C:\Program Files\Java\jdk-11.0.7\bin\vcruntime140.dll
0x00007ffa09580000 - 0x00007ffa0962a000 	C:\Program Files\Java\jdk-11.0.7\bin\msvcp140.dll
0x00007ff9fa740000 - 0x00007ff9fb2a1000 	C:\Program Files\Java\jdk-11.0.7\bin\server\jvm.dll
0x00007ffa3b4b0000 - 0x00007ffa3b4b8000 	C:\WINDOWS\System32\PSAPI.DLL
0x00007ffa33450000 - 0x00007ffa33459000 	C:\WINDOWS\SYSTEM32\WSOCK32.dll
0x00007ffa365e0000 - 0x00007ffa36604000 	C:\WINDOWS\SYSTEM32\WINMM.dll
0x00007ffa3ab60000 - 0x00007ffa3abcf000 	C:\WINDOWS\System32\WS2_32.dll
0x00007ffa36160000 - 0x00007ffa3618d000 	C:\WINDOWS\SYSTEM32\winmmbase.dll
0x00007ffa38ae0000 - 0x00007ffa38b2a000 	C:\WINDOWS\System32\cfgmgr32.dll
0x00007ffa38990000 - 0x00007ffa389a1000 	C:\WINDOWS\System32\kernel.appcore.dll
0x00007ffa0ff00000 - 0x00007ffa0ff11000 	C:\Program Files\Java\jdk-11.0.7\bin\verify.dll
0x00007ffa37260000 - 0x00007ffa37454000 	C:\WINDOWS\SYSTEM32\DBGHELP.DLL
0x00007ffa2eba0000 - 0x00007ffa2ebca000 	C:\WINDOWS\SYSTEM32\dbgcore.DLL
0x00007ffa0d250000 - 0x00007ffa0d279000 	C:\Program Files\Java\jdk-11.0.7\bin\java.dll
0x00007ffa30b10000 - 0x00007ffa30b1a000 	C:\Program Files\Java\jdk-11.0.7\bin\jimage.dll
0x00007ffa0d230000 - 0x00007ffa0d246000 	C:\Program Files\Java\jdk-11.0.7\bin\zip.dll
0x00007ffa3a1e0000 - 0x00007ffa3a8c7000 	C:\WINDOWS\System32\SHELL32.dll
0x00007ffa3aca0000 - 0x00007ffa3ad49000 	C:\WINDOWS\System32\shcore.dll
0x00007ffa38b60000 - 0x00007ffa392e0000 	C:\WINDOWS\System32\windows.storage.dll
0x00007ffa38a00000 - 0x00007ffa38a23000 	C:\WINDOWS\System32\profapi.dll
0x00007ffa389b0000 - 0x00007ffa389fa000 	C:\WINDOWS\System32\powrprof.dll
0x00007ffa38960000 - 0x00007ffa38970000 	C:\WINDOWS\System32\UMPDC.dll
0x00007ffa39d70000 - 0x00007ffa39dc2000 	C:\WINDOWS\System32\shlwapi.dll
0x00007ffa39b30000 - 0x00007ffa39b47000 	C:\WINDOWS\System32\cryptsp.dll
0x00007ffa0bbe0000 - 0x00007ffa0bbf9000 	C:\Program Files\Java\jdk-11.0.7\bin\net.dll
0x00007ffa2a620000 - 0x00007ffa2a710000 	C:\WINDOWS\SYSTEM32\WINHTTP.dll
0x00007ffa381b0000 - 0x00007ffa38217000 	C:\WINDOWS\system32\mswsock.dll
0x00007ffa0b640000 - 0x00007ffa0b653000 	C:\Program Files\Java\jdk-11.0.7\bin\nio.dll
0x00007ffa00ec0000 - 0x00007ffa0105f000 	C:\Program Files\Java\jdk-11.0.7\bin\awt.dll
0x00007ffa39b60000 - 0x00007ffa39c25000 	C:\WINDOWS\System32\OLEAUT32.dll
0x00007ffa36810000 - 0x00007ffa3689f000 	C:\WINDOWS\SYSTEM32\apphelp.dll
0x00007ffa36e50000 - 0x00007ffa36e7d000 	C:\WINDOWS\system32\DWMAPI.DLL
0x00007ffa36910000 - 0x00007ffa369a9000 	C:\WINDOWS\system32\uxtheme.dll
0x00007ffa19510000 - 0x00007ffa19666000 	C:\WINDOWS\system32\opengl32.dll
0x00007ffa2cd60000 - 0x00007ffa2cd8c000 	C:\WINDOWS\SYSTEM32\GLU32.dll
0x00007ffa375b0000 - 0x00007ffa375d0000 	C:\WINDOWS\SYSTEM32\dxcore.dll
0x00007ffa39c30000 - 0x00007ffa39d65000 	C:\WINDOWS\System32\MSCTF.dll
0x00007ffa3a9d0000 - 0x00007ffa3ab27000 	C:\WINDOWS\System32\ole32.dll
0x00007ffa07de0000 - 0x00007ffa07e64000 	C:\Program Files\Java\jdk-11.0.7\bin\freetype.dll
0x00007ffa07440000 - 0x00007ffa074eb000 	C:\Program Files\Java\jdk-11.0.7\bin\fontmanager.dll
0x00007ffa3b0c0000 - 0x00007ffa3b162000 	C:\WINDOWS\System32\clbcatq.dll
0x00007ffa32a40000 - 0x00007ffa32bef000 	C:\WINDOWS\SYSTEM32\WindowsCodecs.dll
0x00007ffa287d0000 - 0x00007ffa2880a000 	C:\WINDOWS\system32\dataexchange.dll
0x00007ffa35820000 - 0x00007ffa35a7b000 	C:\WINDOWS\system32\d3d11.dll
0x00007ffa35f30000 - 0x00007ffa3610d000 	C:\WINDOWS\system32\dcomp.dll
0x00007ffa37640000 - 0x00007ffa3772b000 	C:\WINDOWS\system32\dxgi.dll
0x00007ffa369d0000 - 0x00007ffa36c32000 	C:\WINDOWS\system32\twinapi.appcore.dll
0x00007ffa36d40000 - 0x00007ffa36d69000 	C:\WINDOWS\system32\RMCLIENT.dll
0x00007ffa20d40000 - 0x00007ffa20dde000 	C:\WINDOWS\System32\TextInputFramework.dll
0x00007ffa33540000 - 0x00007ffa3386a000 	C:\WINDOWS\System32\CoreUIComponents.dll
0x00007ffa36500000 - 0x00007ffa365d4000 	C:\WINDOWS\System32\CoreMessaging.dll
0x00007ffa379a0000 - 0x00007ffa379d1000 	C:\WINDOWS\SYSTEM32\ntmarta.dll
0x00007ffa347a0000 - 0x00007ffa348f3000 	C:\WINDOWS\SYSTEM32\wintypes.dll
0x00007ffa23540000 - 0x00007ffa237e6000 	C:\WINDOWS\System32\iertutil.dll

dbghelp: loaded successfully - version: 4.0.5 - missing functions: none
symbol engine: initialized successfully - sym options: 0x614 - pdb path: .;C:\Program Files\Java\jdk-11.0.7\bin;C:\WINDOWS\SYSTEM32;C:\WINDOWS\WinSxS\amd64_microsoft.windows.common-controls_6595b64144ccf1df_6.0.18362.1082_none_9e8193e1e45b25c1;C:\Program Files\Java\jdk-11.0.7\bin\server

VM Arguments:
jvm_args: -Dfile.encoding=Cp1252 
java_command: simulatorSystem.Signup3
java_class_path (initial): D:\eclipse ide\BankingManagementSystem\bin;C:\Users\Prakhar\Downloads\mysql-connector-java-5.1.49\mysql-connector-java-5.1.49\mysql-connector-java-5.1.49.jar
Launcher Type: SUN_STANDARD

[Global flags]
     intx CICompilerCount                          = 4                                         {product} {ergonomic}
     uint ConcGCThreads                            = 2                                         {product} {ergonomic}
     uint G1ConcRefinementThreads                  = 8                                         {product} {ergonomic}
   size_t G1HeapRegionSize                         = 1048576                                   {product} {ergonomic}
    uintx GCDrainStackTargetSize                   = 64                                        {product} {ergonomic}
   size_t InitialHeapSize                          = 132120576                                 {product} {ergonomic}
   size_t MarkStackSize                            = 4194304                                   {product} {ergonomic}
   size_t MaxHeapSize                              = 2109734912                                {product} {ergonomic}
   size_t MaxNewSize                               = 1265631232                                {product} {ergonomic}
   size_t MinHeapDeltaBytes                        = 1048576                                   {product} {ergonomic}
    uintx NonNMethodCodeHeapSize                   = 5836300                                {pd product} {ergonomic}
    uintx NonProfiledCodeHeapSize                  = 122910970                              {pd product} {ergonomic}
    uintx ProfiledCodeHeapSize                     = 122910970                              {pd product} {ergonomic}
    uintx ReservedCodeCacheSize                    = 251658240                              {pd product} {ergonomic}
     bool SegmentedCodeCache                       = true                                      {product} {ergonomic}
     bool UseCompressedClassPointers               = true                                 {lp64_product} {ergonomic}
     bool UseCompressedOops                        = true                                 {lp64_product} {ergonomic}
     bool UseG1GC                                  = true                                      {product} {ergonomic}
     bool UseLargePagesIndividualAllocation        = false                                  {pd product} {ergonomic}

Logging:
Log output configuration:
 #0: stdout all=warning uptime,level,tags
 #1: stderr all=off uptime,level,tags

Environment Variables:
PATH=C:/Program Files/Java/jdk-11.0.7/bin/server;C:/Program Files/Java/jdk-11.0.7/bin;C:\Program Files (x86)\Intel\Intel(R) Management Engine Components\iCLS\;C:\Program Files\Intel\Intel(R) Management Engine Components\iCLS\;C:\windows\system32;C:\windows;C:\windows\System32\Wbem;C:\windows\System32\WindowsPowerShell\v1.0\;C:\windows\System32\OpenSSH\;C:\Program Files (x86)\Intel\Intel(R) Management Engine Components\DAL;C:\Program Files\Intel\Intel(R) Management Engine Components\DAL;C:\Program Files (x86)\Intel\Intel(R) Management Engine Components\IPT;C:\Program Files\Intel\Intel(R) Management Engine Components\IPT;C:\Program Files (x86)\NVIDIA Corporation\PhysX\Common;C:\Program Files\NVIDIA Corporation\NVIDIA NvDLISR;C:\WINDOWS\system32;C:\WINDOWS;C:\WINDOWS\System32\Wbem;C:\WINDOWS\System32\WindowsPowerShell\v1.0\;C:\WINDOWS\System32\OpenSSH\;C:\Program Files\Polyspace\R2019b\runtime\win64;C:\Program Files\Polyspace\R2019b\bin;C:\Program Files\Polyspace\R2019b\polyspace\bin;C:\Program Files\Java\jdk-11.0.7\bin;D:\Git\cmd;C:\Users\Prakhar\AppData\Local\Microsoft\WindowsApps;;C:\Users\Prakhar\Desktop;
USERNAME=Prakhar
OS=Windows_NT
PROCESSOR_IDENTIFIER=Intel64 Family 6 Model 158 Stepping 10, GenuineIntel



---------------  S Y S T E M  ---------------

OS: Windows 10 , 64 bit Build 18362 (10.0.18362.1082)

CPU:total 8 (initial active 8) (4 cores per cpu, 2 threads per core) family 6 model 158 stepping 10, cmov, cx8, fxsr, mmx, sse, sse2, sse3, ssse3, sse4.1, sse4.2, popcnt, avx, avx2, aes, clmul, erms, 3dnowpref, lzcnt, ht, tsc, tscinvbit, bmi1, bmi2, adx, fma

Memory: 4k page, system-wide physical 8040M (1551M free)
TotalPageFile size 23145M (AvailPageFile size 0M)
current process WorkingSet (physical memory assigned to process): 78M, peak: 94M
current process commit charge ("private bytes"): 224M, peak: 236M

vm_info: Java HotSpot(TM) 64-Bit Server VM (11.0.7+8-LTS) for windows-amd64 JRE (11.0.7+8-LTS), built on Mar 12 2020 02:04:32 by "mach5one" with MS VC++ 15.5 (VS2017)

END.
